{"C:\\Users\\ikram\\Downloads\\task\\fsl-devops-challenge\\codebase\\rdicidr-0.1.0\\src\\App.js": {"path":"C:\\Users\\ikram\\Downloads\\task\\fsl-devops-challenge\\codebase\\rdicidr-0.1.0\\src\\App.js","statementMap":{"0":{"start":{"line":5,"column":2},"end":{"line":17,"column":4}}},"fnMap":{"0":{"name":"App","decl":{"start":{"line":4,"column":9},"end":{"line":4,"column":12}},"loc":{"start":{"line":4,"column":15},"end":{"line":18,"column":1}},"line":4}},"branchMap":{},"s":{"0":1},"f":{"0":1},"b":{},"_coverageSchema":"1a1c01bbd47fc00a2c39e90264f33305004495a9","hash":"323b01ab796781a9bb58561358febd3cdd506781"}
,"C:\\Users\\ikram\\Downloads\\task\\fsl-devops-challenge\\codebase\\rdicidr-0.1.0\\src\\IPv4Addr.js": {"path":"C:\\Users\\ikram\\Downloads\\task\\fsl-devops-challenge\\codebase\\rdicidr-0.1.0\\src\\IPv4Addr.js","statementMap":{"0":{"start":{"line":8,"column":17},"end":{"line":153,"column":1}},"1":{"start":{"line":9,"column":26},"end":{"line":9,"column":63}},"2":{"start":{"line":10,"column":42},"end":{"line":10,"column":56}},"3":{"start":{"line":11,"column":46},"end":{"line":11,"column":60}},"4":{"start":{"line":12,"column":44},"end":{"line":12,"column":55}},"5":{"start":{"line":14,"column":19},"end":{"line":20,"column":3}},"6":{"start":{"line":15,"column":27},"end":{"line":15,"column":44}},"7":{"start":{"line":16,"column":4},"end":{"line":19,"column":5}},"8":{"start":{"line":17,"column":6},"end":{"line":17,"column":37}},"9":{"start":{"line":18,"column":6},"end":{"line":18,"column":51}},"10":{"start":{"line":22,"column":21},"end":{"line":26,"column":3}},"11":{"start":{"line":23,"column":4},"end":{"line":25,"column":5}},"12":{"start":{"line":24,"column":6},"end":{"line":24,"column":47}},"13":{"start":{"line":28,"column":29},"end":{"line":32,"column":3}},"14":{"start":{"line":29,"column":4},"end":{"line":31,"column":5}},"15":{"start":{"line":30,"column":6},"end":{"line":30,"column":38}},"16":{"start":{"line":34,"column":26},"end":{"line":44,"column":3}},"17":{"start":{"line":35,"column":29},"end":{"line":35,"column":31}},"18":{"start":{"line":36,"column":4},"end":{"line":42,"column":7}},"19":{"start":{"line":37,"column":6},"end":{"line":41,"column":8}},"20":{"start":{"line":43,"column":4},"end":{"line":43,"column":28}},"21":{"start":{"line":46,"column":2},"end":{"line":152,"column":4}},"22":{"start":{"line":50,"column":10},"end":{"line":60,"column":12}},"23":{"start":{"line":128,"column":12},"end":{"line":128,"column":48}}},"fnMap":{"0":{"name":"(anonymous_0)","decl":{"start":{"line":8,"column":17},"end":{"line":8,"column":18}},"loc":{"start":{"line":8,"column":26},"end":{"line":153,"column":1}},"line":8},"1":{"name":"(anonymous_1)","decl":{"start":{"line":14,"column":19},"end":{"line":14,"column":20}},"loc":{"start":{"line":14,"column":45},"end":{"line":20,"column":3}},"line":14},"2":{"name":"(anonymous_2)","decl":{"start":{"line":22,"column":21},"end":{"line":22,"column":22}},"loc":{"start":{"line":22,"column":42},"end":{"line":26,"column":3}},"line":22},"3":{"name":"(anonymous_3)","decl":{"start":{"line":28,"column":29},"end":{"line":28,"column":30}},"loc":{"start":{"line":28,"column":56},"end":{"line":32,"column":3}},"line":28},"4":{"name":"(anonymous_4)","decl":{"start":{"line":34,"column":26},"end":{"line":34,"column":27}},"loc":{"start":{"line":34,"column":38},"end":{"line":44,"column":3}},"line":34},"5":{"name":"(anonymous_5)","decl":{"start":{"line":36,"column":21},"end":{"line":36,"column":22}},"loc":{"start":{"line":36,"column":35},"end":{"line":42,"column":5}},"line":36},"6":{"name":"(anonymous_6)","decl":{"start":{"line":49,"column":26},"end":{"line":49,"column":27}},"loc":{"start":{"line":49,"column":44},"end":{"line":61,"column":9}},"line":49},"7":{"name":"(anonymous_7)","decl":{"start":{"line":127,"column":20},"end":{"line":127,"column":21}},"loc":{"start":{"line":127,"column":25},"end":{"line":129,"column":11}},"line":127}},"branchMap":{"0":{"loc":{"start":{"line":16,"column":4},"end":{"line":19,"column":5}},"type":"if","locations":[{"start":{"line":16,"column":4},"end":{"line":19,"column":5}},{"start":{"line":16,"column":4},"end":{"line":19,"column":5}}],"line":16},"1":{"loc":{"start":{"line":23,"column":4},"end":{"line":25,"column":5}},"type":"if","locations":[{"start":{"line":23,"column":4},"end":{"line":25,"column":5}},{"start":{"line":23,"column":4},"end":{"line":25,"column":5}}],"line":23},"2":{"loc":{"start":{"line":29,"column":4},"end":{"line":31,"column":5}},"type":"if","locations":[{"start":{"line":29,"column":4},"end":{"line":31,"column":5}},{"start":{"line":29,"column":4},"end":{"line":31,"column":5}}],"line":29},"3":{"loc":{"start":{"line":58,"column":15},"end":{"line":58,"column":76}},"type":"cond-expr","locations":[{"start":{"line":58,"column":27},"end":{"line":58,"column":41}},{"start":{"line":58,"column":44},"end":{"line":58,"column":76}}],"line":58},"4":{"loc":{"start":{"line":69,"column":7},"end":{"line":119,"column":7}},"type":"cond-expr","locations":[{"start":{"line":70,"column":8},"end":{"line":116,"column":14}},{"start":{"line":118,"column":8},"end":{"line":118,"column":10}}],"line":69},"5":{"loc":{"start":{"line":133,"column":9},"end":{"line":149,"column":9}},"type":"cond-expr","locations":[{"start":{"line":134,"column":10},"end":{"line":146,"column":16}},{"start":{"line":148,"column":10},"end":{"line":148,"column":12}}],"line":133}},"s":{"0":1,"1":1,"2":1,"3":1,"4":1,"5":1,"6":0,"7":0,"8":0,"9":0,"10":1,"11":0,"12":0,"13":1,"14":0,"15":0,"16":1,"17":1,"18":1,"19":1,"20":1,"21":1,"22":4,"23":0},"f":{"0":1,"1":0,"2":0,"3":0,"4":1,"5":1,"6":4,"7":0},"b":{"0":[0,0],"1":[0,0],"2":[0,0],"3":[3,1],"4":[1,0],"5":[1,0]},"_coverageSchema":"1a1c01bbd47fc00a2c39e90264f33305004495a9","hash":"ad43f5f1bb6b2fd9c02367f50124f114cd20e3e4"}
,"C:\\Users\\ikram\\Downloads\\task\\fsl-devops-challenge\\codebase\\rdicidr-0.1.0\\src\\Netmask.js": {"path":"C:\\Users\\ikram\\Downloads\\task\\fsl-devops-challenge\\codebase\\rdicidr-0.1.0\\src\\Netmask.js","statementMap":{"0":{"start":{"line":4,"column":16},"end":{"line":37,"column":1}},"1":{"start":{"line":5,"column":32},"end":{"line":5,"column":44}},"2":{"start":{"line":6,"column":32},"end":{"line":6,"column":46}},"3":{"start":{"line":8,"column":21},"end":{"line":8,"column":50}},"4":{"start":{"line":9,"column":18},"end":{"line":9,"column":41}},"5":{"start":{"line":11,"column":2},"end":{"line":36,"column":4}},"6":{"start":{"line":17,"column":23},"end":{"line":17,"column":28}},"7":{"start":{"line":18,"column":10},"end":{"line":30,"column":11}},"8":{"start":{"line":19,"column":12},"end":{"line":19,"column":26}},"9":{"start":{"line":20,"column":12},"end":{"line":20,"column":30}},"10":{"start":{"line":21,"column":12},"end":{"line":21,"column":34}},"11":{"start":{"line":22,"column":12},"end":{"line":22,"column":42}},"12":{"start":{"line":23,"column":17},"end":{"line":30,"column":11}},"13":{"start":{"line":24,"column":12},"end":{"line":24,"column":27}},"14":{"start":{"line":27,"column":12},"end":{"line":27,"column":26}},"15":{"start":{"line":28,"column":12},"end":{"line":28,"column":29}},"16":{"start":{"line":29,"column":12},"end":{"line":29,"column":33}},"17":{"start":{"line":31,"column":10},"end":{"line":31,"column":55}}},"fnMap":{"0":{"name":"(anonymous_0)","decl":{"start":{"line":4,"column":16},"end":{"line":4,"column":17}},"loc":{"start":{"line":4,"column":25},"end":{"line":37,"column":1}},"line":4},"1":{"name":"(anonymous_1)","decl":{"start":{"line":16,"column":18},"end":{"line":16,"column":19}},"loc":{"start":{"line":16,"column":23},"end":{"line":32,"column":9}},"line":16}},"branchMap":{"0":{"loc":{"start":{"line":8,"column":21},"end":{"line":8,"column":50}},"type":"cond-expr","locations":[{"start":{"line":8,"column":31},"end":{"line":8,"column":38}},{"start":{"line":8,"column":41},"end":{"line":8,"column":50}}],"line":8},"1":{"loc":{"start":{"line":18,"column":10},"end":{"line":30,"column":11}},"type":"if","locations":[{"start":{"line":18,"column":10},"end":{"line":30,"column":11}},{"start":{"line":18,"column":10},"end":{"line":30,"column":11}}],"line":18},"2":{"loc":{"start":{"line":18,"column":14},"end":{"line":18,"column":55}},"type":"binary-expr","locations":[{"start":{"line":18,"column":14},"end":{"line":18,"column":32}},{"start":{"line":18,"column":36},"end":{"line":18,"column":55}}],"line":18},"3":{"loc":{"start":{"line":23,"column":17},"end":{"line":30,"column":11}},"type":"if","locations":[{"start":{"line":23,"column":17},"end":{"line":30,"column":11}},{"start":{"line":23,"column":17},"end":{"line":30,"column":11}}],"line":23},"4":{"loc":{"start":{"line":23,"column":21},"end":{"line":23,"column":67}},"type":"binary-expr","locations":[{"start":{"line":23,"column":21},"end":{"line":23,"column":42}},{"start":{"line":23,"column":46},"end":{"line":23,"column":67}}],"line":23}},"s":{"0":1,"1":1,"2":1,"3":1,"4":1,"5":1,"6":0,"7":0,"8":0,"9":0,"10":0,"11":0,"12":0,"13":0,"14":0,"15":0,"16":0,"17":0},"f":{"0":1,"1":0},"b":{"0":[1,0],"1":[0,0],"2":[0,0],"3":[0,0],"4":[0,0]},"_coverageSchema":"1a1c01bbd47fc00a2c39e90264f33305004495a9","hash":"d4c848ea46781d9f1eb3a9319a606d38648c0406"}
,"C:\\Users\\ikram\\Downloads\\task\\fsl-devops-challenge\\codebase\\rdicidr-0.1.0\\src\\Octet.js": {"path":"C:\\Users\\ikram\\Downloads\\task\\fsl-devops-challenge\\codebase\\rdicidr-0.1.0\\src\\Octet.js","statementMap":{"0":{"start":{"line":4,"column":14},"end":{"line":37,"column":1}},"1":{"start":{"line":5,"column":32},"end":{"line":5,"column":44}},"2":{"start":{"line":6,"column":32},"end":{"line":6,"column":59}},"3":{"start":{"line":8,"column":21},"end":{"line":8,"column":50}},"4":{"start":{"line":9,"column":18},"end":{"line":9,"column":39}},"5":{"start":{"line":11,"column":2},"end":{"line":36,"column":4}},"6":{"start":{"line":17,"column":23},"end":{"line":17,"column":28}},"7":{"start":{"line":18,"column":10},"end":{"line":30,"column":11}},"8":{"start":{"line":19,"column":12},"end":{"line":19,"column":26}},"9":{"start":{"line":20,"column":12},"end":{"line":20,"column":30}},"10":{"start":{"line":21,"column":12},"end":{"line":21,"column":34}},"11":{"start":{"line":22,"column":12},"end":{"line":22,"column":42}},"12":{"start":{"line":23,"column":17},"end":{"line":30,"column":11}},"13":{"start":{"line":24,"column":12},"end":{"line":24,"column":27}},"14":{"start":{"line":27,"column":12},"end":{"line":27,"column":26}},"15":{"start":{"line":28,"column":12},"end":{"line":28,"column":29}},"16":{"start":{"line":29,"column":12},"end":{"line":29,"column":33}},"17":{"start":{"line":31,"column":10},"end":{"line":31,"column":68}}},"fnMap":{"0":{"name":"(anonymous_0)","decl":{"start":{"line":4,"column":14},"end":{"line":4,"column":15}},"loc":{"start":{"line":4,"column":23},"end":{"line":37,"column":1}},"line":4},"1":{"name":"(anonymous_1)","decl":{"start":{"line":16,"column":18},"end":{"line":16,"column":19}},"loc":{"start":{"line":16,"column":23},"end":{"line":32,"column":9}},"line":16}},"branchMap":{"0":{"loc":{"start":{"line":8,"column":21},"end":{"line":8,"column":50}},"type":"cond-expr","locations":[{"start":{"line":8,"column":31},"end":{"line":8,"column":38}},{"start":{"line":8,"column":41},"end":{"line":8,"column":50}}],"line":8},"1":{"loc":{"start":{"line":18,"column":10},"end":{"line":30,"column":11}},"type":"if","locations":[{"start":{"line":18,"column":10},"end":{"line":30,"column":11}},{"start":{"line":18,"column":10},"end":{"line":30,"column":11}}],"line":18},"2":{"loc":{"start":{"line":18,"column":14},"end":{"line":18,"column":56}},"type":"binary-expr","locations":[{"start":{"line":18,"column":14},"end":{"line":18,"column":32}},{"start":{"line":18,"column":36},"end":{"line":18,"column":56}}],"line":18},"3":{"loc":{"start":{"line":23,"column":17},"end":{"line":30,"column":11}},"type":"if","locations":[{"start":{"line":23,"column":17},"end":{"line":30,"column":11}},{"start":{"line":23,"column":17},"end":{"line":30,"column":11}}],"line":23},"4":{"loc":{"start":{"line":23,"column":21},"end":{"line":23,"column":67}},"type":"binary-expr","locations":[{"start":{"line":23,"column":21},"end":{"line":23,"column":42}},{"start":{"line":23,"column":46},"end":{"line":23,"column":67}}],"line":23}},"s":{"0":1,"1":4,"2":4,"3":4,"4":4,"5":4,"6":0,"7":0,"8":0,"9":0,"10":0,"11":0,"12":0,"13":0,"14":0,"15":0,"16":0,"17":0},"f":{"0":4,"1":0},"b":{"0":[4,0],"1":[0,0],"2":[0,0],"3":[0,0],"4":[0,0]},"_coverageSchema":"1a1c01bbd47fc00a2c39e90264f33305004495a9","hash":"eedc9447974886191532ada73b1cb7205f59089e"}
,"C:\\Users\\ikram\\Downloads\\task\\fsl-devops-challenge\\codebase\\rdicidr-0.1.0\\src\\SubnetNumbersInput.js": {"path":"C:\\Users\\ikram\\Downloads\\task\\fsl-devops-challenge\\codebase\\rdicidr-0.1.0\\src\\SubnetNumbersInput.js","statementMap":{"0":{"start":{"line":4,"column":27},"end":{"line":40,"column":1}},"1":{"start":{"line":5,"column":32},"end":{"line":5,"column":44}},"2":{"start":{"line":6,"column":32},"end":{"line":8,"column":3}},"3":{"start":{"line":10,"column":21},"end":{"line":10,"column":50}},"4":{"start":{"line":11,"column":18},"end":{"line":11,"column":48}},"5":{"start":{"line":13,"column":2},"end":{"line":39,"column":4}},"6":{"start":{"line":20,"column":23},"end":{"line":20,"column":28}},"7":{"start":{"line":21,"column":10},"end":{"line":33,"column":11}},"8":{"start":{"line":22,"column":12},"end":{"line":22,"column":26}},"9":{"start":{"line":23,"column":12},"end":{"line":23,"column":30}},"10":{"start":{"line":24,"column":12},"end":{"line":24,"column":54}},"11":{"start":{"line":25,"column":17},"end":{"line":33,"column":11}},"12":{"start":{"line":26,"column":12},"end":{"line":26,"column":26}},"13":{"start":{"line":27,"column":17},"end":{"line":33,"column":11}},"14":{"start":{"line":28,"column":12},"end":{"line":28,"column":27}},"15":{"start":{"line":31,"column":12},"end":{"line":31,"column":26}},"16":{"start":{"line":32,"column":12},"end":{"line":32,"column":29}},"17":{"start":{"line":34,"column":10},"end":{"line":34,"column":49}}},"fnMap":{"0":{"name":"(anonymous_0)","decl":{"start":{"line":4,"column":27},"end":{"line":4,"column":28}},"loc":{"start":{"line":4,"column":36},"end":{"line":40,"column":1}},"line":4},"1":{"name":"(anonymous_1)","decl":{"start":{"line":19,"column":18},"end":{"line":19,"column":19}},"loc":{"start":{"line":19,"column":23},"end":{"line":35,"column":9}},"line":19}},"branchMap":{"0":{"loc":{"start":{"line":10,"column":21},"end":{"line":10,"column":50}},"type":"cond-expr","locations":[{"start":{"line":10,"column":31},"end":{"line":10,"column":38}},{"start":{"line":10,"column":41},"end":{"line":10,"column":50}}],"line":10},"1":{"loc":{"start":{"line":21,"column":10},"end":{"line":33,"column":11}},"type":"if","locations":[{"start":{"line":21,"column":10},"end":{"line":33,"column":11}},{"start":{"line":21,"column":10},"end":{"line":33,"column":11}}],"line":21},"2":{"loc":{"start":{"line":21,"column":14},"end":{"line":21,"column":77}},"type":"binary-expr","locations":[{"start":{"line":21,"column":14},"end":{"line":21,"column":32}},{"start":{"line":21,"column":36},"end":{"line":21,"column":77}}],"line":21},"3":{"loc":{"start":{"line":25,"column":17},"end":{"line":33,"column":11}},"type":"if","locations":[{"start":{"line":25,"column":17},"end":{"line":33,"column":11}},{"start":{"line":25,"column":17},"end":{"line":33,"column":11}}],"line":25},"4":{"loc":{"start":{"line":27,"column":17},"end":{"line":33,"column":11}},"type":"if","locations":[{"start":{"line":27,"column":17},"end":{"line":33,"column":11}},{"start":{"line":27,"column":17},"end":{"line":33,"column":11}}],"line":27}},"s":{"0":1,"1":1,"2":1,"3":1,"4":1,"5":1,"6":0,"7":0,"8":0,"9":0,"10":0,"11":0,"12":0,"13":0,"14":0,"15":0,"16":0,"17":0},"f":{"0":1,"1":0},"b":{"0":[1,0],"1":[0,0],"2":[0,0],"3":[0,0],"4":[0,0]},"_coverageSchema":"1a1c01bbd47fc00a2c39e90264f33305004495a9","hash":"8cf13bbbbb6fc4ea5eed6e195cc61b2ed1efc3e9"}
,"C:\\Users\\ikram\\Downloads\\task\\fsl-devops-challenge\\codebase\\rdicidr-0.1.0\\src\\index.js": {"path":"C:\\Users\\ikram\\Downloads\\task\\fsl-devops-challenge\\codebase\\rdicidr-0.1.0\\src\\index.js","statementMap":{"0":{"start":{"line":7,"column":0},"end":{"line":12,"column":2}},"1":{"start":{"line":17,"column":0},"end":{"line":17,"column":18}}},"fnMap":{},"branchMap":{},"s":{"0":0,"1":0},"f":{},"b":{}}
,"C:\\Users\\ikram\\Downloads\\task\\fsl-devops-challenge\\codebase\\rdicidr-0.1.0\\src\\reportWebVitals.js": {"path":"C:\\Users\\ikram\\Downloads\\task\\fsl-devops-challenge\\codebase\\rdicidr-0.1.0\\src\\reportWebVitals.js","statementMap":{"0":{"start":{"line":1,"column":24},"end":{"line":11,"column":1}},"1":{"start":{"line":2,"column":2},"end":{"line":10,"column":3}},"2":{"start":{"line":3,"column":4},"end":{"line":9,"column":7}},"3":{"start":{"line":4,"column":6},"end":{"line":4,"column":26}},"4":{"start":{"line":5,"column":6},"end":{"line":5,"column":26}},"5":{"start":{"line":6,"column":6},"end":{"line":6,"column":26}},"6":{"start":{"line":7,"column":6},"end":{"line":7,"column":26}},"7":{"start":{"line":8,"column":6},"end":{"line":8,"column":27}}},"fnMap":{"0":{"name":"(anonymous_0)","decl":{"start":{"line":1,"column":24},"end":{"line":1,"column":25}},"loc":{"start":{"line":1,"column":39},"end":{"line":11,"column":1}},"line":1},"1":{"name":"(anonymous_1)","decl":{"start":{"line":3,"column":30},"end":{"line":3,"column":31}},"loc":{"start":{"line":3,"column":79},"end":{"line":9,"column":5}},"line":3}},"branchMap":{"0":{"loc":{"start":{"line":2,"column":2},"end":{"line":10,"column":3}},"type":"if","locations":[{"start":{"line":2,"column":2},"end":{"line":10,"column":3}},{"start":{"line":2,"column":2},"end":{"line":10,"column":3}}],"line":2},"1":{"loc":{"start":{"line":2,"column":6},"end":{"line":2,"column":52}},"type":"binary-expr","locations":[{"start":{"line":2,"column":6},"end":{"line":2,"column":17}},{"start":{"line":2,"column":21},"end":{"line":2,"column":52}}],"line":2}},"s":{"0":0,"1":0,"2":0,"3":0,"4":0,"5":0,"6":0,"7":0},"f":{"0":0,"1":0},"b":{"0":[0,0],"1":[0,0]}}
,"C:\\Users\\ikram\\Downloads\\task\\fsl-devops-challenge\\codebase\\rdicidr-0.1.0\\src\\lib\\ipv4.js": {"path":"C:\\Users\\ikram\\Downloads\\task\\fsl-devops-challenge\\codebase\\rdicidr-0.1.0\\src\\lib\\ipv4.js","statementMap":{"0":{"start":{"line":3,"column":4},"end":{"line":3,"column":27}},"1":{"start":{"line":4,"column":4},"end":{"line":4,"column":31}},"2":{"start":{"line":5,"column":4},"end":{"line":5,"column":26}},"3":{"start":{"line":6,"column":4},"end":{"line":6,"column":22}},"4":{"start":{"line":10,"column":4},"end":{"line":10,"column":29}},"5":{"start":{"line":14,"column":4},"end":{"line":14,"column":21}},"6":{"start":{"line":15,"column":4},"end":{"line":15,"column":26}},"7":{"start":{"line":19,"column":4},"end":{"line":19,"column":32}},"8":{"start":{"line":20,"column":4},"end":{"line":20,"column":26}},"9":{"start":{"line":24,"column":4},"end":{"line":28,"column":17}},"10":{"start":{"line":26,"column":8},"end":{"line":26,"column":50}},"11":{"start":{"line":32,"column":4},"end":{"line":36,"column":16}},"12":{"start":{"line":34,"column":8},"end":{"line":34,"column":50}},"13":{"start":{"line":40,"column":4},"end":{"line":42,"column":5}},"14":{"start":{"line":41,"column":6},"end":{"line":41,"column":30}},"15":{"start":{"line":43,"column":4},"end":{"line":46,"column":6}},"16":{"start":{"line":47,"column":4},"end":{"line":47,"column":28}},"17":{"start":{"line":51,"column":24},"end":{"line":51,"column":45}},"18":{"start":{"line":52,"column":20},"end":{"line":55,"column":5}},"19":{"start":{"line":56,"column":27},"end":{"line":59,"column":23}},"20":{"start":{"line":61,"column":30},"end":{"line":63,"column":6}},"21":{"start":{"line":62,"column":6},"end":{"line":62,"column":32}},"22":{"start":{"line":64,"column":4},"end":{"line":64,"column":39}},"23":{"start":{"line":68,"column":24},"end":{"line":68,"column":45}},"24":{"start":{"line":69,"column":20},"end":{"line":72,"column":5}},"25":{"start":{"line":73,"column":25},"end":{"line":76,"column":23}},"26":{"start":{"line":78,"column":28},"end":{"line":80,"column":6}},"27":{"start":{"line":79,"column":6},"end":{"line":79,"column":32}},"28":{"start":{"line":81,"column":4},"end":{"line":81,"column":37}},"29":{"start":{"line":85,"column":24},"end":{"line":85,"column":45}},"30":{"start":{"line":86,"column":20},"end":{"line":89,"column":5}},"31":{"start":{"line":90,"column":22},"end":{"line":90,"column":38}},"32":{"start":{"line":91,"column":24},"end":{"line":94,"column":23}},"33":{"start":{"line":96,"column":27},"end":{"line":98,"column":6}},"34":{"start":{"line":97,"column":6},"end":{"line":97,"column":32}},"35":{"start":{"line":99,"column":4},"end":{"line":99,"column":36}},"36":{"start":{"line":103,"column":24},"end":{"line":103,"column":45}},"37":{"start":{"line":104,"column":20},"end":{"line":107,"column":5}},"38":{"start":{"line":108,"column":22},"end":{"line":108,"column":38}},"39":{"start":{"line":109,"column":29},"end":{"line":112,"column":23}},"40":{"start":{"line":114,"column":32},"end":{"line":116,"column":6}},"41":{"start":{"line":115,"column":6},"end":{"line":115,"column":32}},"42":{"start":{"line":117,"column":4},"end":{"line":117,"column":41}},"43":{"start":{"line":121,"column":20},"end":{"line":124,"column":5}},"44":{"start":{"line":125,"column":26},"end":{"line":128,"column":23}},"45":{"start":{"line":130,"column":23},"end":{"line":132,"column":6}},"46":{"start":{"line":131,"column":6},"end":{"line":131,"column":32}},"47":{"start":{"line":133,"column":4},"end":{"line":133,"column":32}},"48":{"start":{"line":137,"column":18},"end":{"line":137,"column":66}},"49":{"start":{"line":138,"column":4},"end":{"line":138,"column":17}},"50":{"start":{"line":142,"column":4},"end":{"line":142,"column":35}},"51":{"start":{"line":146,"column":22},"end":{"line":146,"column":43}},"52":{"start":{"line":147,"column":16},"end":{"line":147,"column":32}},"53":{"start":{"line":148,"column":20},"end":{"line":148,"column":61}},"54":{"start":{"line":149,"column":4},"end":{"line":151,"column":5}},"55":{"start":{"line":150,"column":6},"end":{"line":150,"column":30}},"56":{"start":{"line":152,"column":4},"end":{"line":152,"column":18}},"57":{"start":{"line":156,"column":4},"end":{"line":158,"column":5}},"58":{"start":{"line":157,"column":6},"end":{"line":157,"column":52}},"59":{"start":{"line":159,"column":20},"end":{"line":159,"column":22}},"60":{"start":{"line":160,"column":26},"end":{"line":160,"column":60}},"61":{"start":{"line":161,"column":16},"end":{"line":161,"column":55}},"62":{"start":{"line":163,"column":6},"end":{"line":163,"column":68}},"63":{"start":{"line":164,"column":20},"end":{"line":167,"column":5}},"64":{"start":{"line":168,"column":23},"end":{"line":168,"column":38}},"65":{"start":{"line":169,"column":23},"end":{"line":169,"column":55}},"66":{"start":{"line":170,"column":24},"end":{"line":170,"column":31}},"67":{"start":{"line":171,"column":24},"end":{"line":171,"column":36}},"68":{"start":{"line":172,"column":4},"end":{"line":189,"column":5}},"69":{"start":{"line":173,"column":23},"end":{"line":173,"column":58}},"70":{"start":{"line":174,"column":6},"end":{"line":178,"column":9}},"71":{"start":{"line":179,"column":6},"end":{"line":179,"column":40}},"72":{"start":{"line":181,"column":8},"end":{"line":181,"column":65}},"73":{"start":{"line":182,"column":31},"end":{"line":185,"column":25}},"74":{"start":{"line":186,"column":6},"end":{"line":188,"column":9}},"75":{"start":{"line":187,"column":8},"end":{"line":187,"column":34}},"76":{"start":{"line":190,"column":4},"end":{"line":190,"column":19}},"77":{"start":{"line":194,"column":4},"end":{"line":194,"column":33}}},"fnMap":{"0":{"name":"(anonymous_0)","decl":{"start":{"line":2,"column":2},"end":{"line":2,"column":3}},"loc":{"start":{"line":2,"column":29},"end":{"line":7,"column":3}},"line":2},"1":{"name":"(anonymous_1)","decl":{"start":{"line":9,"column":2},"end":{"line":9,"column":3}},"loc":{"start":{"line":9,"column":24},"end":{"line":11,"column":3}},"line":9},"2":{"name":"(anonymous_2)","decl":{"start":{"line":13,"column":2},"end":{"line":13,"column":3}},"loc":{"start":{"line":13,"column":22},"end":{"line":16,"column":3}},"line":13},"3":{"name":"(anonymous_3)","decl":{"start":{"line":18,"column":2},"end":{"line":18,"column":3}},"loc":{"start":{"line":18,"column":25},"end":{"line":21,"column":3}},"line":18},"4":{"name":"(anonymous_4)","decl":{"start":{"line":23,"column":2},"end":{"line":23,"column":3}},"loc":{"start":{"line":23,"column":15},"end":{"line":29,"column":3}},"line":23},"5":{"name":"(anonymous_5)","decl":{"start":{"line":25,"column":11},"end":{"line":25,"column":12}},"loc":{"start":{"line":25,"column":29},"end":{"line":27,"column":7}},"line":25},"6":{"name":"(anonymous_6)","decl":{"start":{"line":31,"column":2},"end":{"line":31,"column":3}},"loc":{"start":{"line":31,"column":19},"end":{"line":37,"column":3}},"line":31},"7":{"name":"(anonymous_7)","decl":{"start":{"line":33,"column":11},"end":{"line":33,"column":12}},"loc":{"start":{"line":33,"column":29},"end":{"line":35,"column":7}},"line":33},"8":{"name":"(anonymous_8)","decl":{"start":{"line":39,"column":2},"end":{"line":39,"column":3}},"loc":{"start":{"line":39,"column":19},"end":{"line":48,"column":3}},"line":39},"9":{"name":"(anonymous_9)","decl":{"start":{"line":50,"column":2},"end":{"line":50,"column":3}},"loc":{"start":{"line":50,"column":19},"end":{"line":65,"column":3}},"line":50},"10":{"name":"(anonymous_10)","decl":{"start":{"line":61,"column":49},"end":{"line":61,"column":50}},"loc":{"start":{"line":61,"column":58},"end":{"line":63,"column":5}},"line":61},"11":{"name":"(anonymous_11)","decl":{"start":{"line":67,"column":2},"end":{"line":67,"column":3}},"loc":{"start":{"line":67,"column":35},"end":{"line":82,"column":3}},"line":67},"12":{"name":"(anonymous_12)","decl":{"start":{"line":78,"column":45},"end":{"line":78,"column":46}},"loc":{"start":{"line":78,"column":54},"end":{"line":80,"column":5}},"line":78},"13":{"name":"(anonymous_13)","decl":{"start":{"line":84,"column":2},"end":{"line":84,"column":3}},"loc":{"start":{"line":84,"column":22},"end":{"line":100,"column":3}},"line":84},"14":{"name":"(anonymous_14)","decl":{"start":{"line":96,"column":43},"end":{"line":96,"column":44}},"loc":{"start":{"line":96,"column":52},"end":{"line":98,"column":5}},"line":96},"15":{"name":"(anonymous_15)","decl":{"start":{"line":102,"column":2},"end":{"line":102,"column":3}},"loc":{"start":{"line":102,"column":21},"end":{"line":118,"column":3}},"line":102},"16":{"name":"(anonymous_16)","decl":{"start":{"line":114,"column":53},"end":{"line":114,"column":54}},"loc":{"start":{"line":114,"column":62},"end":{"line":116,"column":5}},"line":114},"17":{"name":"(anonymous_17)","decl":{"start":{"line":120,"column":2},"end":{"line":120,"column":3}},"loc":{"start":{"line":120,"column":12},"end":{"line":134,"column":3}},"line":120},"18":{"name":"(anonymous_18)","decl":{"start":{"line":130,"column":41},"end":{"line":130,"column":42}},"loc":{"start":{"line":130,"column":50},"end":{"line":132,"column":5}},"line":130},"19":{"name":"(anonymous_19)","decl":{"start":{"line":136,"column":2},"end":{"line":136,"column":3}},"loc":{"start":{"line":136,"column":10},"end":{"line":139,"column":3}},"line":136},"20":{"name":"(anonymous_20)","decl":{"start":{"line":141,"column":2},"end":{"line":141,"column":3}},"loc":{"start":{"line":141,"column":43},"end":{"line":143,"column":3}},"line":141},"21":{"name":"(anonymous_21)","decl":{"start":{"line":145,"column":2},"end":{"line":145,"column":3}},"loc":{"start":{"line":145,"column":31},"end":{"line":153,"column":3}},"line":145},"22":{"name":"(anonymous_22)","decl":{"start":{"line":155,"column":2},"end":{"line":155,"column":3}},"loc":{"start":{"line":155,"column":27},"end":{"line":191,"column":3}},"line":155},"23":{"name":"(anonymous_23)","decl":{"start":{"line":186,"column":43},"end":{"line":186,"column":44}},"loc":{"start":{"line":186,"column":52},"end":{"line":188,"column":7}},"line":186},"24":{"name":"(anonymous_24)","decl":{"start":{"line":193,"column":2},"end":{"line":193,"column":3}},"loc":{"start":{"line":193,"column":28},"end":{"line":195,"column":3}},"line":193}},"branchMap":{"0":{"loc":{"start":{"line":40,"column":4},"end":{"line":42,"column":5}},"type":"if","locations":[{"start":{"line":40,"column":4},"end":{"line":42,"column":5}},{"start":{"line":40,"column":4},"end":{"line":42,"column":5}}],"line":40},"1":{"loc":{"start":{"line":67,"column":21},"end":{"line":67,"column":33}},"type":"default-arg","locations":[{"start":{"line":67,"column":32},"end":{"line":67,"column":33}}],"line":67},"2":{"loc":{"start":{"line":141,"column":17},"end":{"line":141,"column":41}},"type":"default-arg","locations":[{"start":{"line":141,"column":28},"end":{"line":141,"column":41}}],"line":141},"3":{"loc":{"start":{"line":149,"column":4},"end":{"line":151,"column":5}},"type":"if","locations":[{"start":{"line":149,"column":4},"end":{"line":151,"column":5}},{"start":{"line":149,"column":4},"end":{"line":151,"column":5}}],"line":149},"4":{"loc":{"start":{"line":156,"column":4},"end":{"line":158,"column":5}},"type":"if","locations":[{"start":{"line":156,"column":4},"end":{"line":158,"column":5}},{"start":{"line":156,"column":4},"end":{"line":158,"column":5}}],"line":156},"5":{"loc":{"start":{"line":156,"column":8},"end":{"line":156,"column":60}},"type":"binary-expr","locations":[{"start":{"line":156,"column":8},"end":{"line":156,"column":45}},{"start":{"line":156,"column":49},"end":{"line":156,"column":60}}],"line":156}},"s":{"0":10,"1":10,"2":10,"3":10,"4":0,"5":0,"6":0,"7":0,"8":0,"9":7,"10":28,"11":0,"12":0,"13":10,"14":4,"15":6,"16":6,"17":2,"18":2,"19":2,"20":2,"21":8,"22":2,"23":4,"24":4,"25":4,"26":4,"27":16,"28":4,"29":2,"30":2,"31":2,"32":2,"33":2,"34":8,"35":2,"36":2,"37":2,"38":2,"39":2,"40":2,"41":8,"42":2,"43":2,"44":2,"45":2,"46":8,"47":2,"48":6,"49":6,"50":4,"51":1,"52":1,"53":1,"54":1,"55":0,"56":1,"57":1,"58":1,"59":0,"60":0,"61":0,"62":0,"63":0,"64":0,"65":0,"66":0,"67":0,"68":0,"69":0,"70":0,"71":0,"72":0,"73":0,"74":0,"75":0,"76":0,"77":2},"f":{"0":10,"1":0,"2":0,"3":0,"4":7,"5":28,"6":0,"7":0,"8":10,"9":2,"10":8,"11":4,"12":16,"13":2,"14":8,"15":2,"16":8,"17":2,"18":8,"19":6,"20":4,"21":1,"22":1,"23":0,"24":2},"b":{"0":[4,6],"1":[2],"2":[2],"3":[0,1],"4":[1,0],"5":[1,1]},"_coverageSchema":"1a1c01bbd47fc00a2c39e90264f33305004495a9","hash":"753f980d0bfaa5acdb75131cfe5b52dda7250226"}
}
